<?xml version="1.0" encoding="UTF-8"?>
<testng-results skipped="0" failed="0" ignored="0" total="1" passed="1">
  <reporter-output>
  </reporter-output>
  <suite name="Default suite" duration-ms="6107" started-at="2018-02-09T17:00:54Z" finished-at="2018-02-09T17:01:00Z">
    <groups>
    </groups>
    <test name="Default test" duration-ms="6107" started-at="2018-02-09T17:00:54Z" finished-at="2018-02-09T17:01:00Z">
      <class name="com.Flight.qa.testcases.LoginPageTest">
        <test-method status="PASS" signature="setUp()[pri:0, instance:com.Flight.qa.testcases.LoginPageTest@61832929]" name="setUp" is-config="true" duration-ms="858" started-at="2018-02-09T11:00:54Z" finished-at="2018-02-09T11:00:55Z">
          <reporter-output>
          </reporter-output>
        </test-method> <!-- setUp -->
        <test-method status="PASS" signature="loginTest()[pri:0, instance:com.Flight.qa.testcases.LoginPageTest@61832929]" name="loginTest" duration-ms="5218" started-at="2018-02-09T11:00:55Z" finished-at="2018-02-09T11:01:00Z">
          <reporter-output>
          </reporter-output>
        </test-method> <!-- loginTest -->
      </class> <!-- com.Flight.qa.testcases.LoginPageTest -->
    </test> <!-- Default test -->
  </suite> <!-- Default suite -->
</testng-results>
